"../../../Engine/Content/Animation/DefaultAnimBoneCompressionSettings.uasset" 0
"../../../Engine/Content/Animation/DefaultAnimCurveCompressionSettings.uasset" 1
"../../../Engine/Content/Functions/Engine_MaterialFunctions01/Opacity/CameraDepthFade.uasset" 2
"../../../Engine/Content/EngineMaterials/T_Default_Material_Grid_M.uasset" 3
"../../../Engine/Content/EngineMaterials/T_Default_Material_Grid_N.uasset" 4
"../../../Engine/Content/EngineMaterials/WorldGridMaterial.uasset" 5
"../../../Engine/Content/ArtTools/RenderToTexture/Meshes/S_1_Unit_Plane.uasset" 6
"../../../Engine/Content/EngineMaterials/DefaultMaterial.uasset" 7
"../../../Engine/Content/BasicShapes/Cone.uasset" 8
"../../../Engine/Content/BasicShapes/Cube.uasset" 9
"../../../Engine/Content/EditorLandscapeResources/DataLayer.uasset" 10
"../../../Engine/Content/EditorLandscapeResources/DefaultAlphaTexture.uasset" 11
"../../../Engine/Content/EditorMaterials/MAT_Groups_Toggle.uasset" 12
"../../../Engine/Content/EditorMaterials/MAT_Groups_Visibility.uasset" 13
"../../../Engine/Content/EditorMaterials/PreviewShadowIndicator.uasset" 14
"../../../Engine/Content/EditorMaterials/PreviewShadowIndicatorMaterial.uasset" 15
"../../../Engine/Content/EditorMaterials/AssetViewer/EpicQuadPanorama_CC+EV1.uasset" 16
"../../../Engine/Content/EditorMaterials/MatineeGroups/MAT_ColorTrack.uasset" 17
"../../../Engine/Content/EditorMaterials/MatineeGroups/MAT_Groups_Anim.uasset" 18
"../../../Engine/Content/EditorMaterials/MatineeGroups/MAT_Groups_AudioMaster.uasset" 19
"../../../Engine/Content/EditorMaterials/MatineeGroups/MAT_Groups_Director.uasset" 20
"../../../Engine/Content/EditorMaterials/MatineeGroups/MAT_Groups_Event.uasset" 21
"../../../Engine/Content/EditorMaterials/MatineeGroups/MAT_Groups_Fade.uasset" 22
"../../../Engine/Content/EditorMaterials/MatineeGroups/MAT_Groups_Float.uasset" 23
"../../../Engine/Content/EditorMaterials/MatineeGroups/MAT_Groups_Move.uasset" 24
"../../../Engine/Content/EditorMaterials/MatineeGroups/MAT_Groups_Slomo.uasset" 25
"../../../Engine/Content/EditorMaterials/MatineeGroups/MAT_Groups_Sound.uasset" 26
"../../../Engine/Content/EditorMaterials/MatineeGroups/MAT_Groups_Vector.uasset" 27
"../../../Engine/Content/EditorMaterials/ParticleSystems/PSysThumbnail_NoImage.uasset" 28
"../../../Engine/Content/EditorMaterials/ParticleSystems/PSysThumbnail_OOD.uasset" 29
"../../../Engine/Content/EditorMaterials/Camera/CineMat.uasset" 30
"../../../Engine/Content/EditorMaterials/Camera/MI_CineMat_Rig.uasset" 31
"../../../Engine/Content/EditorMeshes/Camera/SM_CraneRig_Arm.uasset" 32
"../../../Engine/Content/EditorMeshes/Camera/SM_CraneRig_Base.uasset" 33
"../../../Engine/Content/EditorMeshes/Camera/SM_CraneRig_Body.uasset" 34
"../../../Engine/Content/EditorMeshes/Camera/SM_CraneRig_Mount.uasset" 35
"../../../Engine/Content/EditorMeshes/Camera/SM_RailRig_Mount.uasset" 36
"../../../Engine/Content/EditorMeshes/Camera/SM_RailRig_Track.uasset" 37
"../../../Engine/Content/EditorResources/BSPVertex.uasset" 38
"../../../Engine/Content/EditorResources/EmptyActor.uasset" 39
"../../../Engine/Content/EditorResources/S_Actor.uasset" 40
"../../../Engine/Content/EditorResources/S_Note.uasset" 41
"../../../Engine/Content/EditorResources/S_Solver.uasset" 42
"../../../Engine/Content/EditorResources/S_Terrain.uasset" 43
"../../../Engine/Content/EditorResources/S_Trigger.uasset" 44
"../../../Engine/Content/EditorResources/SequenceRecorder/Countdown.uasset" 45
"../../../Engine/Content/EditorResources/SequenceRecorder/RecordingIndicator.uasset" 46
"../../../Engine/Content/EditorSounds/Notifications/CompileFailed.uasset" 47
"../../../Engine/Content/EditorSounds/Notifications/CompileFailed_Cue.uasset" 48
"../../../Engine/Content/EditorSounds/Notifications/CompileSuccess.uasset" 49
"../../../Engine/Content/EditorSounds/Notifications/CompileStart_Cue.uasset" 50
"../../../Engine/Content/EditorSounds/Notifications/CompileSuccess_Cue.uasset" 51
"../../../Engine/Content/EngineDamageTypes/DmgTypeBP_Environmental.uasset" 52
"../../../Engine/Content/EngineDebugMaterials/DebugEditorMaterial.uasset" 53
"../../../Engine/Content/EngineDebugMaterials/DebugMeshMaterial.uasset" 54
"../../../Engine/Content/EngineDebugMaterials/M_SimpleUnlitTranslucent.uasset" 55
"../../../Engine/Content/Functions/Engine_MaterialFunctions02/Utility/CameraDirectionVector.uasset" 56
"../../../Engine/Content/EngineDebugMaterials/VolumeToRender.uasset" 57
"../../../Engine/Content/EngineDebugMaterials/M_VolumeRenderSphereTracePP.uasset" 58
"../../../Engine/Content/EngineDebugMaterials/WireframeMaterial.uasset" 59
"../../../Engine/Content/EngineFonts/Faces/DroidSansFallback.uasset" 60
"../../../Engine/Content/EngineFonts/Faces/RobotoBold.uasset" 61
"../../../Engine/Content/EngineFonts/Faces/RobotoBoldItalic.uasset" 62
"../../../Engine/Content/EngineFonts/Faces/RobotoItalic.uasset" 63
"../../../Engine/Content/EngineFonts/Faces/RobotoLight.uasset" 64
"../../../Engine/Content/EngineFonts/Faces/RobotoRegular.uasset" 65
"../../../Engine/Content/EngineFonts/Roboto.uasset" 66
"../../../Engine/Content/EngineMaterials/BaseFlattenDiffuseMap.uasset" 67
"../../../Engine/Content/EngineMaterials/BaseFlattenEmissiveMap.uasset" 68
"../../../Engine/Content/EngineMaterials/BaseFlattenGrayscaleMap.uasset" 69
"../../../Engine/Content/EngineMaterials/BaseFlattenNormalMap.uasset" 70
"../../../Engine/Content/EngineMaterials/BaseFlattenMaterial.uasset" 71
"../../../Engine/Content/EngineMaterials/BlueNoise.uasset" 72
"../../../Engine/Content/EngineMaterials/DefaultBloomKernel.uasset" 73
"../../../Engine/Content/EngineMaterials/DefaultBokeh.uasset" 74
"../../../Engine/Content/EngineMaterials/DefaultDiffuse.uasset" 75
"../../../Engine/Content/EngineMaterials/DefaultDeferredDecalMaterial.uasset" 76
"../../../Engine/Content/EngineMaterials/DefaultLightFunctionMaterial.uasset" 77
"../../../Engine/Content/EngineMaterials/DefaultPhysicalMaterial.uasset" 78
"../../../Engine/Content/Functions/Engine_MaterialFunctions02/Utility/BreakOutFloat2Components.uasset" 79
"../../../Engine/Content/EngineMaterials/DefaultPostProcessMaterial.uasset" 80
"../../../Engine/Content/EngineFonts/RobotoDistanceField.uasset" 81
"../../../Engine/Content/EngineMaterials/DefaultTextMaterialOpaque.uasset" 82
"../../../Engine/Content/EngineMaterials/DefaultWhiteGrid.uasset" 83
"../../../Engine/Content/EngineMaterials/DefaultWhiteGrid_Low.uasset" 84
"../../../Engine/Content/EngineMaterials/EmissiveMeshMaterial.uasset" 85
"../../../Engine/Content/EngineMaterials/GizmoMaterial.uasset" 86
"../../../Engine/Content/EngineMaterials/MiniFont.uasset" 87
"../../../Engine/Content/EngineMaterials/InvalidLightmapSettings.uasset" 88
"../../../Engine/Content/EngineMaterials/M_InvalidLightmapSettings.uasset" 89
"../../../Engine/Content/Functions/Engine_MaterialFunctions02/WorldPositionOffset/CameraOffset.uasset" 90
"../../../Engine/Content/EngineMaterials/PhAT_JointLimitMaterial.uasset" 91
"../../../Engine/Content/EngineMaterials/PreintegratedSkinBRDF.uasset" 92
"../../../Engine/Content/EngineMaterials/RemoveSurfaceMaterial.uasset" 93
"../../../Engine/Content/EngineMaterials/WeightMapPlaceholderTexture.uasset" 94
"../../../Engine/Content/EngineResources/WhiteSquareTexture.uasset" 95
"../../../Engine/Content/EngineMaterials/Widget3DPassThrough.uasset" 96
"../../../Engine/Content/EngineMaterials/Widget3DPassThrough_Masked.uasset" 97
"../../../Engine/Content/EngineMaterials/Widget3DPassThrough_Opaque.uasset" 98
"../../../Engine/Content/EngineMaterials/Widget3DPassThrough_Masked_OneSided.uasset" 99
"../../../Engine/Content/EngineMaterials/Widget3DPassThrough_Opaque_OneSided.uasset" 100
"../../../Engine/Content/EngineMaterials/Widget3DPassThrough_Translucent.uasset" 101
"../../../Engine/Content/EngineMaterials/Widget3DPassThrough_Translucent_OneSided.uasset" 102
"../../../Engine/Content/EngineMeshes/Cylinder.uasset" 103
"../../../Engine/Content/EngineMeshes/Sphere.uasset" 104
"../../../Engine/Content/EngineResources/DefaultTextureCube.uasset" 105
"../../../Engine/Content/EngineResources/DefaultVolumeTexture2D.uasset" 106
"../../../Engine/Content/EngineResources/DefaultVolumeTexture.uasset" 107
"../../../Engine/Content/EngineResources/GradientTexture0.uasset" 108
"../../../Engine/Content/Functions/Engine_MaterialFunctions01/Shading/ConvertFromDiffSpec.uasset" 109
"../../../Engine/Content/Functions/Engine_MaterialFunctions01/Shading/PowerToRoughness.uasset" 110
"../../../Engine/Content/Maps/Templates/Thumbnails/Default.uasset" 111
"../../../Engine/Content/Maps/Templates/Thumbnails/TimeOfDay.uasset" 112
"../../../Engine/Content/Maps/Templates/Thumbnails/VR-Basic.uasset" 113
"../../../Engine/Content/MobileResources/T_MobileControls_texture.uasset" 114
"../../../Engine/Content/MobileResources/T_MobileMenu2.uasset" 115
"../../../Engine/Content/MobileResources/HUD/AnalogHat.uasset" 116
"../../../Engine/Content/MobileResources/HUD/VirtualJoystick_Background.uasset" 117
"../../../Engine/Content/MobileResources/HUD/VirtualJoystick_Thumb.uasset" 118
"../../../Engine/Content/MobileResources/HUD/DefaultVirtualJoysticks.uasset" 119
"../../../Engine/Content/MobileResources/HUD/LeftVirtualJoystickOnly.uasset" 120
"../../../Engine/Content/MobileResources/HUD/MobileHUDButton1_off.uasset" 121
"../../../Engine/Content/MobileResources/HUD/MobileHUDButton1_on.uasset" 122
"../../../Engine/Content/MobileResources/HUD/MobileHUDButton2_off.uasset" 123
"../../../Engine/Content/MobileResources/HUD/MobileHUDButton2_on.uasset" 124
"../../../Engine/Content/MobileResources/HUD/MobileHUDButton3.uasset" 125
"../../../Engine/Content/MobileResources/HUD/MobileHUDButtonFire.uasset" 126
"../../../Engine/Content/MobileResources/HUD/MobileHUDDirectionPad.uasset" 127
"../../../Engine/Content/MobileResources/HUD/MobileHUDDirectionPad2.uasset" 128
"../../../Engine/Content/MobileResources/HUD/MobileHUDDirectionPad3.uasset" 129
"../../../Engine/Content/MobileResources/HUD/MobileHUDDirectionStick.uasset" 130
"../../../Engine/Content/MobileResources/HUD/T_Castle_ThumbstickInner.uasset" 131
"../../../Engine/Content/MobileResources/HUD/T_Castle_ThumbstickOutter.uasset" 132
"../../../Engine/Content/Tutorial/ContentIntroCurve.uasset" 133
"../../../Engine/Content/Tutorial/Basics/LevelEditorAttract.uasset" 134
"../../../Engine/Content/Tutorial/Basics/TutorialAssets/icon_tab_Levels_40x.uasset" 135
"../../../Engine/Content/Tutorial/Basics/LevelEditorOverview.uasset" 136
"../../../Engine/Content/VREditor/LaserPointer/VR_LaserPower_01.uasset" 137
"../../../Engine/Content/VREditor/TransformGizmo/TransformGizmoMaterial.uasset" 138
"../../../Engine/Content/VREditor/TransformGizmo/TranslucentTransformGizmoMaterial.uasset" 139
"../../../Engine/Content/VREditor/TransformGizmo/BoundingBoxCorner.uasset" 140
"../../../Engine/Content/VREditor/TransformGizmo/BoundingBoxEdge.uasset" 141
"../../../Engine/Content/VREditor/TransformGizmo/PlaneTranslationHandle.uasset" 142
"../../../Engine/Content/VREditor/TransformGizmo/Main.uasset" 143
"../../../Engine/Content/VREditor/TransformGizmo/Xray.uasset" 144
"../../../Engine/Content/VREditor/TransformGizmo/SM_Sequencer_Key.uasset" 145
"../../../Engine/Content/VREditor/TransformGizmo/SM_Sequencer_Node.uasset" 146
"../../Plugins/2D/Paper2D/Content/PlaceholderTextures/DummySpriteTexture.uasset" 147
"../../Plugins/2D/Paper2D/Content/DummySprite.uasset" 148
"../../Plugins/2D/Paper2D/Content/DefaultPaperTerrainMaterial.uasset" 149
"../../Plugins/2D/Paper2D/Content/DefaultSpriteMaterial.uasset" 150
"../../Plugins/2D/Paper2D/Content/MaskedUnlitSpriteMaterial.uasset" 151
"../../Plugins/2D/Paper2D/Content/OpaqueUnlitSpriteMaterial.uasset" 152
"../../Plugins/Anima4DUnrealPlugin/Content/anima-logo-512.uasset" 153
"../../../Engine/Content/Functions/Engine_MaterialFunctions02/Texturing/CustomRotator.uasset" 154
"../../Plugins/Enterprise/DatasmithContent/Content/Materials/C4DMasterUV.uasset" 155
"../../Plugins/Enterprise/DatasmithContent/Content/Materials/TileMirrorAxis.uasset" 156
"../../Plugins/Enterprise/DatasmithContent/Content/Materials/UVEdit.uasset" 157
"../../../Engine/Content/Functions/Engine_MaterialFunctions01/Texturing/FlattenNormal.uasset" 158
"../../../Engine/Content/Functions/Engine_MaterialFunctions02/HueShift.uasset" 159
"../../../Engine/Content/ArtTools/RenderToTexture/Textures/127grey.uasset" 160
"../../../Engine/Content/EditorLandscapeResources/WhiteSquareTexture.uasset" 161
"../../../Engine/Content/EngineMaterials/T_Default_Normal.uasset" 162
"../../../Engine/Content/EngineResources/Black.uasset" 163
"../../Plugins/Enterprise/DatasmithContent/Content/Materials/C4DMaster.uasset" 164
"../../../Engine/Content/EngineMaterials/FlatNormal.uasset" 165
"../../Plugins/Enterprise/DatasmithContent/Content/Materials/CE_BaseMaster.uasset" 166
"../../Plugins/Enterprise/DatasmithContent/Content/Materials/CE_OpacityMaster.uasset" 167
"../../Plugins/Enterprise/DatasmithContent/Content/Materials/CE_OpacitySimpleMaster.uasset" 168
"../../Plugins/Enterprise/DatasmithContent/Content/Materials/CE_OpaqueMaster.uasset" 169
"../../../Engine/Content/Functions/Engine_MaterialFunctions03/Procedurals/NormalFromHeightmap.uasset" 170
"../../Plugins/Enterprise/DatasmithContent/Content/Materials/RevitMaster.uasset" 171
"../../Plugins/Enterprise/DatasmithContent/Content/Materials/SketchUpMaster.uasset" 172
"../../Plugins/FX/Niagara/Content/Enums/ENiagaraBooleanLogicOps.uasset" 173
"../../Plugins/FX/Niagara/Content/Enums/ENiagaraOrientationAxis.uasset" 174
"../../../Engine/Content/Functions/Engine_MaterialFunctions02/Utility/BreakOutFloat4Components.uasset" 175
"../../../Engine/Content/Functions/Engine_MaterialFunctions02/Utility/MakeFloat2.uasset" 176
"../../../Engine/Content/Functions/Engine_MaterialFunctions02/Utility/MakeFloat3.uasset" 177
"../../Plugins/Runtime/Oculus/OculusVR/Content/Materials/OculusMR_ChromaKey.uasset" 178
"../../Plugins/Runtime/Oculus/OculusVR/Content/Materials/OculusMR_ChromaKey_Lit.uasset" 179
"../../Plugins/Runtime/Oculus/OculusVR/Content/Materials/OculusMR_OpaqueColoredMaterial.uasset" 180
"../../Plugins/Runtime/Oculus/OculusVR/Content/Materials/OculusMR_WhiteMaterial.uasset" 181
"../../../Engine/Content/EditorBlueprintResources/StandardMacros.uasset" 182
"../../../Engine/Content/EngineSky/C_Sky_Cloud_Color.uasset" 183
"../../../Engine/Content/EngineSky/C_Sky_Horizon_Color.uasset" 184
"../../../Engine/Content/EngineSky/C_Sky_Zenith_Color.uasset" 185
"../../../Engine/Content/Functions/Engine_MaterialFunctions01/Texturing/ScaleUVsByCenter.uasset" 186
"../../../Engine/Content/Functions/Engine_MaterialFunctions01/Vectors/RotateVector.uasset" 187
"../../../Engine/Content/Functions/Engine_MaterialFunctions02/ExampleContent/Textures/flipbook.uasset" 188
"../../../Engine/Content/Functions/Engine_MaterialFunctions01/Texturing/SkyboxImage.uasset" 189
"../../../Engine/Content/Functions/Engine_MaterialFunctions02/Utility/AppendMany.uasset" 190
"../../../Engine/Content/Functions/Engine_MaterialFunctions02/Utility/BreakOutFloat3Components.uasset" 191
"../../../Engine/Content/EngineSky/T_Sky_Blue.uasset" 192
"../../../Engine/Content/EngineSky/T_Sky_Clouds_M.uasset" 193
"../../../../../UE4/UE4 Training/BloomeeProjects/Content/LanthanumFestival/Materials/Moon/Moon2.uasset" 194
"../../../../../UE4/UE4 Training/BloomeeProjects/Content/LanthanumFestival/Materials/StarScape.uasset" 195
"../../../../../UE4/UE4 Training/BloomeeProjects/Content/LanthanumFestival/Materials/M_Sky_Panning_Clouds_Mod.uasset" 196
"../../../../../UE4/UE4 Training/BloomeeProjects/Content/LanthanumFestival/Materials/MI_Sky_Panning_Clouds_Mod.uasset" 197
"../../../Engine/Content/EngineSky/T_Sky_Stars.uasset" 198
"../../../Engine/Content/EngineSky/M_Sky_Panning_Clouds2.uasset" 199
"../../../Engine/Content/EngineSky/SM_SkySphere.uasset" 200
"../../../Engine/Content/EngineSky/BP_Sky_Sphere.uasset" 201
"../../../../../UE4/UE4 Training/BloomeeProjects/Content/LanthanumFestival/Blueprints/BP_Sky_Sphere_Mod.uasset" 202
"../../../Engine/Content/Functions/Engine_MaterialFunctions03/ComplexMotion/Motion_4WayChaos.uasset" 203
"../../../Engine/Content/Engine_MI_Shaders/T_Base_Tile_Normal.uasset" 204
"../../../Engine/Content/Functions/Engine_MaterialFunctions03/ComplexMotion/Motion_4WayChaos_Normal.uasset" 205
"../../../Engine/Content/EngineResources/DefaultTexture.uasset" 206
"../../../Engine/Content/Functions/Engine_MaterialFunctions02/ExampleContent/Textures/water_n.uasset" 207
"../../../../../UE4/UE4 Training/BloomeeProjects/Content/LanthanumFestival/Materials/Water/Ocean/T_Water_D.uasset" 208
"../../../../../UE4/UE4 Training/BloomeeProjects/Content/LanthanumFestival/Materials/Water/Ocean/M_Ocean.uasset" 209
"../../../../../UE4/UE4 Training/BloomeeProjects/Content/LanthanumFestival/Materials/Water/Ocean/MI_Ocean_Inst.uasset" 210
"../../../../../UE4/UE4 Training/BloomeeProjects/Content/LanthanumFestival/Materials/Water/Ocean/MI_OceanFoam.uasset" 211
"../../../../../UE4/UE4 Training/BloomeeProjects/Content/LanthanumFestival/Ocean/Meshes/Shape_Plane.uasset" 212
"../../../../../UE4/UE4 Training/BloomeeProjects/Content/LanthanumFestival/Ocean/Blueprints/BP_Ocean.uasset" 213
"../../../../../UE4/UE4 Training/BloomeeProjects/Content/VirtualReality/Mannequin/Character/Mesh/MannequinHand_Right_Skeleton.uasset" 214
"../../../../../UE4/UE4 Training/BloomeeProjects/Content/VirtualReality/Mannequin/Animations/MannequinHand_Right_CanGrab.uasset" 215
"../../../../../UE4/UE4 Training/BloomeeProjects/Content/VirtualReality/Mannequin/Animations/MannequinHand_Right_Grab.uasset" 216
"../../../../../UE4/UE4 Training/BloomeeProjects/Content/VirtualReality/Mannequin/Animations/MannequinHand_Right_Open.uasset" 217
"../../../../../UE4/UE4 Training/BloomeeProjects/Content/VirtualReality/Mannequin/Animations/RightGrip_BS.uasset" 218
"../../../../../UE4/UE4 Training/BloomeeProjects/Content/VirtualRealityBP/Blueprints/GripEnum.uasset" 219
"../../../../../UE4/UE4 Training/BloomeeProjects/Content/VirtualReality/Mannequin/Animations/RightHand_AnimBP.uasset" 220
"../../../../../UE4/UE4 Training/BloomeeProjects/Content/VirtualRealityBP/Blueprints/PickupActorInterface.uasset" 221
"../../../../../UE4/UE4 Training/BloomeeProjects/Content/VirtualRealityBP/Blueprints/MotionControllerHaptics.uasset" 222
"../../../Engine/Content/Functions/Engine_MaterialFunctions02/ScreenResolution.uasset" 223
"../../../Engine/Content/Functions/Engine_MaterialFunctions02/Texturing/ScreenAlignedUVs.uasset" 224
"../../../Engine/Content/Functions/Engine_MaterialFunctions02/Utility/DepthFromWorldPosition.uasset" 225
"../../../../../UE4/UE4 Training/BloomeeProjects/Content/VirtualReality/Materials/MF_OccludedPixels.uasset" 226
"../../../../../UE4/UE4 Training/BloomeeProjects/Content/VirtualReality/Materials/TeleportMCP.uasset" 227
"../../../Engine/Content/EngineMaterials/Good64x64TilingNoiseHighFreq.uasset" 228
"../../../../../UE4/UE4 Training/BloomeeProjects/Content/VirtualReality/Materials/M_ArcEndpoint.uasset" 229
"../../../../../UE4/UE4 Training/BloomeeProjects/Content/VirtualReality/Materials/M_SplineArcMat.uasset" 230
"../../../../../UE4/UE4 Training/BloomeeProjects/Content/VirtualReality/Materials/M_TeleportPreviews.uasset" 231
"../../../../../UE4/UE4 Training/BloomeeProjects/Content/VirtualReality/Materials/MI_ChaperoneOutline.uasset" 232
"../../../../../UE4/UE4 Training/BloomeeProjects/Content/VirtualReality/Materials/MI_TeleportCylinderPreview.uasset" 233
"../../../Engine/Content/BasicShapes/Cylinder.uasset" 234
"../../../Engine/Content/BasicShapes/Sphere.uasset" 235
"../../../../../UE4/UE4 Training/BloomeeProjects/Content/VirtualReality/Mannequin/Character/Textures/UE4_Mannequin__normals.uasset" 236
"../../../../../UE4/UE4 Training/BloomeeProjects/Content/VirtualReality/Mannequin/Character/Textures/UE4_Mannequin_MAT_MASKA.uasset" 237
"../../../../../UE4/UE4 Training/BloomeeProjects/Content/VirtualReality/Mannequin/Character/Materials/M_HandMat.uasset" 238
"../../../../../UE4/UE4 Training/BloomeeProjects/Content/VirtualReality/Mannequin/Character/Mesh/MannequinHand_Right_PhysicsAsset.uasset" 239
"../../../../../UE4/UE4 Training/BloomeeProjects/Content/VirtualReality/Mannequin/Character/Mesh/MannequinHand_Right.uasset" 240
"../../../../../UE4/UE4 Training/BloomeeProjects/Content/VirtualReality/Meshes/1x1_cube.uasset" 241
"../../../../../UE4/UE4 Training/BloomeeProjects/Content/VirtualReality/Meshes/BeaconDirection.uasset" 242
"../../../../../UE4/UE4 Training/BloomeeProjects/Content/VirtualReality/Meshes/BeamMesh.uasset" 243
"../../../../../UE4/UE4 Training/BloomeeProjects/Content/VirtualReality/Meshes/SM_FatCylinder.uasset" 244
"../../../../../UE4/UE4 Training/BloomeeProjects/Content/VirtualRealityBP/Blueprints/BP_MotionController.uasset" 245
"../../../../../UE4/UE4 Training/BloomeeProjects/Content/VirtualRealityBP/Blueprints/MotionControllerPawn.uasset" 246
"../../../../../UE4/UE4 Training/BloomeeProjects/Content/LanthanumFestival/Ship/Ship/Ship.uasset" 247
"../../../../../UE4/UE4 Training/BloomeeProjects/Content/LanthanumFestival/LanthanumFestival_BuiltData.uasset" 248
"../../../Engine/Content/Functions/Engine_MaterialFunctions01/Gradient/LinearGradient.uasset" 249
"../../../Engine/Content/Functions/Engine_MaterialFunctions01/ImageAdjustment/CheapContrast.uasset" 250
"../../../../../UE4/UE4 Training/BloomeeProjects/Content/LanthanumFestival/Materials/Fog/Textures/T_Cloud_01.uasset" 251
"../../../../../UE4/UE4 Training/BloomeeProjects/Content/LanthanumFestival/Materials/Fog/M_FakeFog.uasset" 252
"../../../../../UE4/UE4 Training/BloomeeProjects/Content/LanthanumFestival/Materials/Fog/Textures/T_White_D.uasset" 253
"../../../../../UE4/UE4 Training/BloomeeProjects/Content/LanthanumFestival/Materials/Fog/Materials/MI_Cloud_01.uasset" 254
"../../../../../UE4/UE4 Training/BloomeeProjects/Content/LanthanumFestival/Materials/Fog/Textures/T_Cloud_02.uasset" 255
"../../../../../UE4/UE4 Training/BloomeeProjects/Content/LanthanumFestival/Materials/Fog/Materials/MI_Cloud_02.uasset" 256
"../../../../../UE4/UE4 Training/BloomeeProjects/Content/LanthanumFestival/Materials/MSPresets/MS_DefaultMaterial/Functions/MF_DetailNormalTiling.uasset" 257
"../../../Engine/Content/Functions/Engine_MaterialFunctions02/Utility/BlendAngleCorrectedNormals.uasset" 258
"../../../../../UE4/UE4 Training/BloomeeProjects/Content/LanthanumFestival/Materials/MSPresets/MS_DefaultMaterial/Functions/MF_Transmission.uasset" 259
"../../../../../UE4/UE4 Training/BloomeeProjects/Content/LanthanumFestival/Materials/MSPresets/MS_DefaultMaterial/Functions/MF_MapAdjustments.uasset" 260
"../../../../../UE4/UE4 Training/BloomeeProjects/Content/LanthanumFestival/Materials/MSPresets/MS_DefaultMaterial/Functions/MF_Tiling.uasset" 261
"../../../Engine/Content/EngineMaterials/DefaultNormal.uasset" 262
"../../Plugins/2D/Paper2D/Content/PlaceholderTextures/FlatNormalMap.uasset" 263
"../../../../../UE4/UE4 Training/BloomeeProjects/Content/LanthanumFestival/Materials/MSPresets/MS_DefaultMaterial/MS_DefaultMaterial.uasset" 264
"../../../../../UE4/UE4 Training/BloomeeProjects/Content/LanthanumFestival/Materials/Megascans/Surfaces/Poplar_Veneer_1x2_M_00/teqbcizc_2K_Albedo.uasset" 265
"../../../../../UE4/UE4 Training/BloomeeProjects/Content/LanthanumFestival/Materials/Megascans/Surfaces/Poplar_Veneer_1x2_M_00/teqbcizc_2K_Normal.uasset" 266
"../../../../../UE4/UE4 Training/BloomeeProjects/Content/LanthanumFestival/Materials/Megascans/Surfaces/Poplar_Veneer_1x2_M_00/teqbcizc_2K_Roughness.uasset" 267
"../../../../../UE4/UE4 Training/BloomeeProjects/Content/LanthanumFestival/Materials/Megascans/Surfaces/Poplar_Veneer_1x2_M_00/Poplar_Veneer_1x2_M_00_inst.uasset" 268
"../../../../../UE4/UE4 Training/BloomeeProjects/Content/LanthanumFestival/Materials/Castle/CastleDetailed2_mod.uasset" 269
"../../../../../UE4/UE4 Training/BloomeeProjects/Content/LanthanumFestival/Materials/Castle/CastleDetailed2_opacitymod.uasset" 270
"../../../../../UE4/UE4 Training/BloomeeProjects/Content/LanthanumFestival/Materials/M_CastleLights.uasset" 271
"../../../../../UE4/UE4 Training/BloomeeProjects/Content/LanthanumFestival/Materials/MI_CastleLights.uasset" 272
"../../../../../UE4/UE4 Training/BloomeeProjects/Content/LanthanumFestival/Materials/Castle/CastleDetailed3_mod.uasset" 273
"../../../../../UE4/UE4 Training/BloomeeProjects/Content/LanthanumFestival/Materials/M_CastleLights2.uasset" 274
"../../../../../UE4/UE4 Training/BloomeeProjects/Content/LanthanumFestival/Materials/MI_CastleLights2.uasset" 275
"../../../../../UE4/UE4 Training/BloomeeProjects/Content/LanthanumFestival/Materials/MI_CastleLights3.uasset" 276
"../../../../../UE4/UE4 Training/BloomeeProjects/Content/LanthanumFestival/Materials/Mountains/Mountains2.uasset" 277
"../../../../../UE4/UE4 Training/BloomeeProjects/Content/LanthanumFestival/Materials/Mountains/Mountains2_opacitymask.uasset" 278
"../../../../../UE4/UE4 Training/BloomeeProjects/Content/LanthanumFestival/Materials/M_Mountains.uasset" 279
"../../../../../UE4/UE4 Training/BloomeeProjects/Content/LanthanumFestival/Materials/MI_Mountains.uasset" 280
"../../../../../UE4/UE4 Training/BloomeeProjects/Content/MobileStarterContent/Textures/T_Water_M.uasset" 281
"../../../../../UE4/UE4 Training/BloomeeProjects/Content/MobileStarterContent/Textures/T_Water_N.uasset" 282
"../../../../../UE4/UE4 Training/BloomeeProjects/Content/MobileStarterContent/Materials/M_Water_Ocean.uasset" 283
"../../../../../UE4/UE4 Training/BloomeeProjects/Content/MobileStarterContent/Materials/MI_Water_Ocean.uasset" 284
"../../../../../UE4/UE4 Training/BloomeeProjects/Content/LanthanumFestival/Lantern/Materials/M_Lantern_Glow.uasset" 285
"../../../../../UE4/UE4 Training/BloomeeProjects/Content/LanthanumFestival/Lantern/Materials/MI_Lantern_Glow.uasset" 286
"../../Plugins/FX/Niagara/Content/DynamicInputs/TypeConversions/VectorFromFloat.uasset" 287
"../../Plugins/FX/Niagara/Content/Enums/ENiagaraRandomnessMode.uasset" 288
"../../Plugins/FX/Niagara/Content/Functions/GetRandomInfo.uasset" 289
"../../Plugins/FX/Niagara/Content/Functions/RandomRangeFloat.uasset" 290
"../../Plugins/FX/Niagara/Content/DynamicInputs/UniformRange/UniformRangedFloat.uasset" 291
"../../Plugins/FX/Niagara/Content/DynamicInputs/ValueFromCurve/FloatFromCurve.uasset" 292
"../../Plugins/FX/Niagara/Content/Functions/Emitter/EmitterChangeState.uasset" 293
"../../Plugins/FX/Niagara/Content/Enums/ENiagara_EmitterStateOptions.uasset" 294
"../../Plugins/FX/Niagara/Content/Enums/ENiagara_InfiniteLoopDuration.uasset" 295
"../../Plugins/FX/Niagara/Content/Enums/ENiagaraEmitterLifeCycleMode.uasset" 296
"../../Plugins/FX/Niagara/Content/Enums/ENiagaraEmitterScalabilityMode_Limited.uasset" 297
"../../Plugins/FX/Niagara/Content/Enums/ENiagaraExecutionStateManagement.uasset" 298
"../../Plugins/FX/Niagara/Content/Enums/ENiagaraInactiveMode.uasset" 299
"../../Plugins/FX/Niagara/Content/Modules/Emitter/EmitterState.uasset" 300
"../../Plugins/FX/Niagara/Content/Modules/Emitter/SpawnRate.uasset" 301
"../../Plugins/FX/Niagara/Content/Functions/DirectionAndLengthSafe.uasset" 302
"../../Plugins/FX/Niagara/Content/Functions/Localspace/SimulationPosition.uasset" 303
"../../Plugins/FX/Niagara/Content/Modules/Solvers/SolveForcesAndVelocity.uasset" 304
"../../Plugins/FX/Niagara/Content/Modules/Spawn/Initialization/InitializeParticle.uasset" 305
"../../Plugins/FX/Niagara/Content/Enums/ENiagaraCoordinateSpace.uasset" 306
"../../Plugins/FX/Niagara/Content/Functions/Localspace/TransformBase.uasset" 307
"../../Plugins/FX/Niagara/Content/Functions/Localspace/TransformVector.uasset" 308
"../../Plugins/FX/Niagara/Content/Functions/RandomPointInSphere.uasset" 309
"../../Plugins/FX/Niagara/Content/Enums/ENiagaraExpansionMode.uasset" 310
"../../Plugins/FX/Niagara/Content/Enums/ENiagaraTorusDistributionMode.uasset" 311
"../../Plugins/FX/Niagara/Content/Modules/Spawn/Location/SphereLocation.uasset" 312
"../../Plugins/FX/Niagara/Content/Functions/Rotation/FindQuatBetween.uasset" 313
"../../Plugins/FX/Niagara/Content/Functions/Rotation/MultiplyQuaternion.uasset" 314
"../../Plugins/FX/Niagara/Content/Functions/Rotation/AxisAngleToQuaternion.uasset" 315
"../../Plugins/FX/Niagara/Content/Modules/Solvers/ApplyRotationVector.uasset" 316
"../../Plugins/FX/Niagara/Content/Enums/ENiagaraMeshTransforms.uasset" 317
"../../Plugins/FX/Niagara/Content/Modules/Spawn/Orientation/V2/InitialMeshOrientation.uasset" 318
"../../Plugins/FX/Niagara/Content/Modules/Spawn/Velocity/AddVelocity.uasset" 319
"../../Plugins/FX/Niagara/Content/Enums/ENiagaraScaleColorMode.uasset" 320
"../../Plugins/FX/Niagara/Content/Modules/Update/Color/ScaleColor.uasset" 321
"../../Plugins/FX/Niagara/Content/Functions/FindAngleBetweenVectors.uasset" 322
"../../Plugins/FX/Niagara/Content/Functions/Masks/ConeMask.uasset" 323
"../../Plugins/FX/Niagara/Content/Enums/ENiagaraCurlNoiseQuality.uasset" 324
"../../Plugins/FX/Niagara/Content/VectorFields/Assets/TilingCurl16.uasset" 325
"../../Plugins/FX/Niagara/Content/VectorFields/Assets/TilingCurl32.uasset" 326
"../../Plugins/FX/Niagara/Content/VectorFields/Assets/TilingCurl64.uasset" 327
"../../Plugins/FX/Niagara/Content/Modules/Update/Forces/CurlNoiseForce.uasset" 328
"../../Plugins/FX/Niagara/Content/Modules/Update/Lifetime/ParticleState.uasset" 329
"../../Plugins/FX/Niagara/Content/Modules/Update/Material/DynamicMaterialParameters.uasset" 330
"../../../../../UE4/UE4 Training/BloomeeProjects/Content/LanthanumFestival/Lantern/Textures/T_Wood.uasset" 331
"../../../../../UE4/UE4 Training/BloomeeProjects/Content/LanthanumFestival/Lantern/Materials/M_Wood.uasset" 332
"../../../../../UE4/UE4 Training/BloomeeProjects/Content/LanthanumFestival/Lantern/Meshes/SM_Lantern.uasset" 333
"../../../../../UE4/UE4 Training/BloomeeProjects/Content/LanthanumFestival/Blueprints/NE_Lantern.uasset" 334
"../../Plugins/FX/Niagara/Content/Enums/ENiagaraCalculateRadiusOptions.uasset" 335
"../../Plugins/FX/Niagara/Content/Functions/CalculateMeshRadius.uasset" 336
"../../Plugins/FX/Niagara/Content/Functions/CalculateRadiusFromSpriteSize.uasset" 337
"../../Plugins/FX/Niagara/Content/Functions/Helpers/DoOnce_fn.uasset" 338
"../../Plugins/FX/Niagara/Content/Functions/Localspace/TransformPosition.uasset" 339
"../../Plugins/FX/Niagara/Content/Functions/ProjectVectorOnPlane.uasset" 340
"../../Plugins/FX/Niagara/Content/Functions/Collision/PlaneSphereCollisionDetection.uasset" 341
"../../Plugins/FX/Niagara/Content/Functions/Rotation/MultiplyVectorWithQuaternion.uasset" 342
"../../Plugins/FX/Niagara/Content/Functions/Collision/RandomizeCollisionNormals.uasset" 343
"../../Plugins/FX/Niagara/Content/Functions/Math/CentimeterMeterConversion.uasset" 344
"../../Plugins/FX/Niagara/Content/Functions/ReflectVector.uasset" 345
"../../Plugins/FX/Niagara/Content/Modules/Collision/NiagaraDistanceFieldCollisions.uasset" 346
"../../Plugins/FX/Niagara/Content/Modules/Collision/SceneDepthTest.uasset" 347
"../../Plugins/FX/Niagara/Content/Enums/ENiagara_CPUCollisionType.uasset" 348
"../../Plugins/FX/Niagara/Content/Enums/ENiagara_GPUCollisionType.uasset" 349
"../../Plugins/FX/Niagara/Content/Enums/ENiagaraFrictionMergeType.uasset" 350
"../../Plugins/FX/Niagara/Content/Enums/ENiagaraRestitutionMergeType.uasset" 351
"../../Plugins/FX/Niagara/Content/Modules/Collision/CollisionQueryAndResponse.uasset" 352
"../../Plugins/FX/Niagara/Content/Enums/ENiagaraCollisionRadiusOptions.uasset" 353
"../../Plugins/FX/Niagara/Content/Modules/Collision/Collision.uasset" 354
"../../Plugins/FX/Niagara/Content/Functions/System/SystemChangeState.uasset" 355
"../../Plugins/FX/Niagara/Content/Enums/ENiagaraSystemInactiveMode.uasset" 356
"../../Plugins/FX/Niagara/Content/Modules/System/SystemState.uasset" 357
"../../../../../UE4/UE4 Training/BloomeeProjects/Content/LanthanumFestival/Blueprints/NE_Lantern_System.uasset" 358
"../../../Engine/Content/BasicShapes/Plane.uasset" 359
"../../../../../UE4/UE4 Training/BloomeeProjects/Content/Geometry/FogPlane/Geometries/Sphere001.uasset" 360
"../../../../../UE4/UE4 Training/BloomeeProjects/Content/LanthanumFestival/Materials/HDRI/satara_night_4k.uasset" 361
"../../../Engine/Content/EngineSounds/Master.uasset" 362
"../../../Engine/Content/EngineSounds/Music.uasset" 363
"../../../../../UE4/UE4 Training/BloomeeProjects/Content/LanthanumFestival/Music/LF_BGM.uasset" 364
"../../../Engine/Content/EngineSounds/Normal_Attack.uasset" 365
"../../../Engine/Content/EngineSounds/Duck_Normal_Attack_MixMod.uasset" 366
"../../../Engine/Content/EngineSounds/Special_Attack_PSM.uasset" 367
"../../../Engine/Content/EngineSounds/SFX.uasset" 368
"../../../../../UE4/UE4 Training/BloomeeProjects/Content/LanthanumFestival/Music/LF_OceanWaves.uasset" 369
"../../../../../UE4/UE4 Training/BloomeeProjects/Content/LanthanumFestival/Ship/Textures/T_Barrel.uasset" 370
"../../../../../UE4/UE4 Training/BloomeeProjects/Content/LanthanumFestival/Ship/Materials/M_Barrel.uasset" 371
"../../../../../UE4/UE4 Training/BloomeeProjects/Content/LanthanumFestival/Ship/Textures/T_Fences.uasset" 372
"../../../../../UE4/UE4 Training/BloomeeProjects/Content/LanthanumFestival/Ship/Materials/M_Fence.uasset" 373
"../../../../../UE4/UE4 Training/BloomeeProjects/Content/LanthanumFestival/Ship/Textures/T_Metal.uasset" 374
"../../../../../UE4/UE4 Training/BloomeeProjects/Content/LanthanumFestival/Ship/Materials/M_Metal.uasset" 375
"../../../../../UE4/UE4 Training/BloomeeProjects/Content/LanthanumFestival/Ship/Textures/T_Metal_2.uasset" 376
"../../../../../UE4/UE4 Training/BloomeeProjects/Content/LanthanumFestival/Ship/Materials/M_Metal_2.uasset" 377
"../../../../../UE4/UE4 Training/BloomeeProjects/Content/LanthanumFestival/Ship/Textures/T_Rope.uasset" 378
"../../../../../UE4/UE4 Training/BloomeeProjects/Content/LanthanumFestival/Ship/Materials/M_Rope.uasset" 379
"../../../../../UE4/UE4 Training/BloomeeProjects/Content/LanthanumFestival/Ship/Textures/T_Sailcloth.uasset" 380
"../../../../../UE4/UE4 Training/BloomeeProjects/Content/LanthanumFestival/Ship/Materials/M_Sailcloth.uasset" 381
"../../../../../UE4/UE4 Training/BloomeeProjects/Content/LanthanumFestival/Ship/Textures/T_Ship_2.uasset" 382
"../../../../../UE4/UE4 Training/BloomeeProjects/Content/LanthanumFestival/Ship/Materials/M_Ship_2.uasset" 383
"../../../../../UE4/UE4 Training/BloomeeProjects/Content/LanthanumFestival/Ship/Textures/T_Ship_3.uasset" 384
"../../../../../UE4/UE4 Training/BloomeeProjects/Content/LanthanumFestival/Ship/Materials/M_Ship_3.uasset" 385
"../../../../../UE4/UE4 Training/BloomeeProjects/Content/LanthanumFestival/Ship/Textures/T_Ship_4.uasset" 386
"../../../../../UE4/UE4 Training/BloomeeProjects/Content/LanthanumFestival/Ship/Materials/M_Ship_4.uasset" 387
"../../../../../UE4/UE4 Training/BloomeeProjects/Content/LanthanumFestival/Ship/Ship/Geometries/boat2.uasset" 388
"../../../../../UE4/UE4 Training/BloomeeProjects/Content/LanthanumFestival/SmallBoat/Textures/T_Ship_2.uasset" 389
"../../../../../UE4/UE4 Training/BloomeeProjects/Content/LanthanumFestival/SmallBoat/Materials/M_Wood.uasset" 390
"../../../../../UE4/UE4 Training/BloomeeProjects/Content/LanthanumFestival/SmallBoat/Meshes/SM_Small_Boat.uasset" 391
"../../../../../UE4/UE4 Training/BloomeeProjects/Content/LanthanumFestival/LanthanumFestival.umap" 392
"../../../Engine/Content/Maps/Entry_BuiltData.uasset" 393
"../../../Engine/Content/Maps/Entry.umap" 394
